[35m[1mScanning dependencies of target geometry_msgs_generate_messages_lisp[0m
[35m[1mScanning dependencies of target geometry_msgs_generate_messages_py[0m
[35m[1mScanning dependencies of target sensor_msgs_generate_messages_lisp[0m
[35m[1mScanning dependencies of target tf_generate_messages_nodejs[0m
[35m[1mScanning dependencies of target sensor_msgs_generate_messages_nodejs[0m
[35m[1mScanning dependencies of target roscpp_generate_messages_lisp[0m
[35m[1mScanning dependencies of target geometry_msgs_generate_messages_nodejs[0m
[35m[1mScanning dependencies of target actionlib_generate_messages_cpp[0m
[35m[1mScanning dependencies of target sensor_msgs_generate_messages_eus[0m
[35m[1mScanning dependencies of target rosgraph_msgs_generate_messages_lisp[0m
[35m[1mScanning dependencies of target _turtle_vis_generate_messages_check_deps_DesiredPose[0m
[35m[1mScanning dependencies of target rosgraph_msgs_generate_messages_nodejs[0m
[35m[1mScanning dependencies of target tf_generate_messages_py[0m
[35m[1mScanning dependencies of target actionlib_generate_messages_eus[0m
[35m[1mScanning dependencies of target geometry_msgs_generate_messages_cpp[0m
[35m[1mScanning dependencies of target std_msgs_generate_messages_nodejs[0m
[35m[1mScanning dependencies of target rosgraph_msgs_generate_messages_cpp[0m
[35m[1mScanning dependencies of target geometry_msgs_generate_messages_eus[0m
[35m[1mScanning dependencies of target tf_generate_messages_eus[0m
[35m[1mScanning dependencies of target roscpp_generate_messages_nodejs[0m
[35m[1mScanning dependencies of target std_msgs_generate_messages_cpp[0m
[35m[1mScanning dependencies of target roscpp_generate_messages_cpp[0m
[35m[1mScanning dependencies of target actionlib_generate_messages_nodejs[0m
[35m[1mScanning dependencies of target std_msgs_generate_messages_eus[0m
[35m[1mScanning dependencies of target rosgraph_msgs_generate_messages_eus[0m
[35m[1mScanning dependencies of target tf_generate_messages_lisp[0m
[35m[1mScanning dependencies of target sensor_msgs_generate_messages_cpp[0m
[35m[1mScanning dependencies of target actionlib_msgs_generate_messages_nodejs[0m
[35m[1mScanning dependencies of target std_msgs_generate_messages_lisp[0m
[35m[1mScanning dependencies of target actionlib_generate_messages_lisp[0m
[  0%] Built target geometry_msgs_generate_messages_py
[35m[1mScanning dependencies of target sensor_msgs_generate_messages_py[0m
[35m[1mScanning dependencies of target _turtle_vis_generate_messages_check_deps_send_desired_pose[0m
[35m[1mScanning dependencies of target actionlib_msgs_generate_messages_cpp[0m
[35m[1mScanning dependencies of target roscpp_generate_messages_py[0m
[  0%] Built target tf_generate_messages_nodejs
[  0%] Built target geometry_msgs_generate_messages_lisp
[35m[1mScanning dependencies of target std_msgs_generate_messages_py[0m
[  0%] Built target rosgraph_msgs_generate_messages_cpp
[35m[1mScanning dependencies of target tf_generate_messages_cpp[0m
[  0%] Built target sensor_msgs_generate_messages_nodejs
[  0%] Built target geometry_msgs_generate_messages_nodejs
[  0%] Built target geometry_msgs_generate_messages_cpp
[  0%] Built target tf_generate_messages_eus
[  0%] Built target geometry_msgs_generate_messages_eus
[  0%] Built target rosgraph_msgs_generate_messages_nodejs
[  0%] Built target std_msgs_generate_messages_eus
[35m[1mScanning dependencies of target actionlib_msgs_generate_messages_lisp[0m
[  0%] Built target actionlib_generate_messages_lisp
[  0%] Built target actionlib_generate_messages_eus
[  0%] Built target tf_generate_messages_py
[  0%] Built target roscpp_generate_messages_lisp
[  0%] Built target actionlib_msgs_generate_messages_nodejs
[  0%] Built target std_msgs_generate_messages_nodejs
[  0%] Built target tf_generate_messages_lisp
[  0%] Built target roscpp_generate_messages_nodejs
[35m[1mScanning dependencies of target actionlib_msgs_generate_messages_py[0m
[35m[1mScanning dependencies of target tf2_msgs_generate_messages_cpp[0m
[  0%] Built target sensor_msgs_generate_messages_eus
[  0%] Built target sensor_msgs_generate_messages_lisp
[  0%] Built target roscpp_generate_messages_py
[  0%] Built target std_msgs_generate_messages_lisp
[  0%] Built target actionlib_generate_messages_cpp
[  0%] Built target sensor_msgs_generate_messages_py
[  0%] Built target tf_generate_messages_cpp
[  0%] Built target roscpp_generate_messages_cpp
[  0%] Built target rosgraph_msgs_generate_messages_lisp
[35m[1mScanning dependencies of target actionlib_generate_messages_py[0m
[  0%] Built target rosgraph_msgs_generate_messages_eus
[35m[1mScanning dependencies of target tf2_msgs_generate_messages_py[0m
[  0%] Built target sensor_msgs_generate_messages_cpp
[  0%] Built target actionlib_generate_messages_nodejs
[35m[1mScanning dependencies of target tf2_msgs_generate_messages_eus[0m
[  0%] Built target std_msgs_generate_messages_cpp
[35m[1mScanning dependencies of target visualization_msgs_generate_messages_cpp[0m
[  0%] Built target std_msgs_generate_messages_py
[35m[1mScanning dependencies of target rosgraph_msgs_generate_messages_py[0m
[35m[1mScanning dependencies of target visualization_msgs_generate_messages_eus[0m
[35m[1mScanning dependencies of target actionlib_msgs_generate_messages_eus[0m
[35m[1mScanning dependencies of target tf2_msgs_generate_messages_nodejs[0m
[  0%] Built target tf2_msgs_generate_messages_cpp
[35m[1mScanning dependencies of target visualization_msgs_generate_messages_lisp[0m
[  0%] Built target actionlib_msgs_generate_messages_py
[  0%] Built target actionlib_msgs_generate_messages_cpp
[  0%] Built target actionlib_generate_messages_py
[  0%] Built target _turtle_vis_generate_messages_check_deps_DesiredPose
[35m[1mScanning dependencies of target tf2_msgs_generate_messages_lisp[0m
[35m[1mScanning dependencies of target visualization_msgs_generate_messages_py[0m
[  0%] Built target tf2_msgs_generate_messages_eus
[  0%] Built target tf2_msgs_generate_messages_py
[  0%] Built target actionlib_msgs_generate_messages_lisp
[35m[1mScanning dependencies of target visualization_msgs_generate_messages_nodejs[0m
[35m[1mScanning dependencies of target roscpp_generate_messages_eus[0m
[  0%] Built target visualization_msgs_generate_messages_cpp
[  0%] Built target rosgraph_msgs_generate_messages_py
[  0%] Built target visualization_msgs_generate_messages_eus
[  0%] Built target tf2_msgs_generate_messages_nodejs
[  0%] Built target visualization_msgs_generate_messages_lisp
[  0%] Built target visualization_msgs_generate_messages_py
[  0%] Built target actionlib_msgs_generate_messages_eus
[  0%] Built target tf2_msgs_generate_messages_lisp
[  0%] Built target _turtle_vis_generate_messages_check_deps_send_desired_pose
[  0%] Built target roscpp_generate_messages_eus
[  0%] Built target visualization_msgs_generate_messages_nodejs
[35m[1mScanning dependencies of target turtle_vis_generate_messages_nodejs[0m
[35m[1mScanning dependencies of target turtle_vis_generate_messages_eus[0m
[35m[1mScanning dependencies of target turtle_vis_generate_messages_cpp[0m
[35m[1mScanning dependencies of target turtle_vis_generate_messages_lisp[0m
[35m[1mScanning dependencies of target turtle_vis_generate_messages_py[0m
[  9%] [34m[1mGenerating Javascript code from turtle_vis/DesiredPose.msg[0m
[  9%] [34m[1mGenerating EusLisp manifest code for turtle_vis[0m
[ 14%] [34m[1mGenerating Javascript code from turtle_vis/send_desired_pose.srv[0m
[ 19%] [34m[1mGenerating EusLisp code from turtle_vis/DesiredPose.msg[0m
[ 23%] [34m[1mGenerating EusLisp code from turtle_vis/send_desired_pose.srv[0m
[ 28%] [34m[1mGenerating C++ code from turtle_vis/DesiredPose.msg[0m
[ 33%] [34m[1mGenerating C++ code from turtle_vis/send_desired_pose.srv[0m
[ 42%] [34m[1mGenerating Lisp code from turtle_vis/DesiredPose.msg[0m
[ 42%] [34m[1mGenerating Lisp code from turtle_vis/send_desired_pose.srv[0m
[ 47%] [34m[1mGenerating Python from MSG turtle_vis/DesiredPose[0m
[ 52%] [34m[1mGenerating Python code from SRV turtle_vis/send_desired_pose[0m
[ 52%] Built target turtle_vis_generate_messages_nodejs
[ 52%] Built target turtle_vis_generate_messages_lisp
[ 57%] [34m[1mGenerating Python srv __init__.py for turtle_vis[0m
[ 61%] [34m[1mGenerating Python msg __init__.py for turtle_vis[0m
[ 61%] Built target turtle_vis_generate_messages_py
[ 61%] Built target turtle_vis_generate_messages_cpp
[ 61%] Built target turtle_vis_generate_messages_eus
[35m[1mScanning dependencies of target turtle_set_position_node[0m
[35m[1mScanning dependencies of target turtle_ros_tutorial[0m
[35m[1mScanning dependencies of target turtle_vis_generate_messages[0m
[ 61%] Built target turtle_vis_generate_messages
[ 66%] [32mBuilding CXX object CMakeFiles/turtle_ros_tutorial.dir/src/TurtleClass.cpp.o[0m
[ 71%] [32mBuilding CXX object CMakeFiles/turtle_set_position_node.dir/src/applications/turtle_set_position.cpp.o[0m
[ 76%] [32m[1mLinking CXX shared library /home/user/catkin_ws/devel/.private/turtle_vis/lib/libturtle_ros_tutorial.so[0m
[ 76%] Built target turtle_ros_tutorial
[35m[1mScanning dependencies of target turtle_control_node[0m
[35m[1mScanning dependencies of target turtle_vis_node[0m
[ 85%] [32mBuilding CXX object CMakeFiles/turtle_control_node.dir/src/applications/turtle_control_node.cpp.o[0m
[ 85%] [32mBuilding CXX object CMakeFiles/turtle_vis_node.dir/src/applications/turtle_vis_node.cpp.o[0m
[ 90%] [32m[1mLinking CXX executable /home/user/catkin_ws/devel/.private/turtle_vis/lib/turtle_vis/turtle_set_position_node[0m
[ 90%] Built target turtle_set_position_node
[ 95%] [32m[1mLinking CXX executable /home/user/catkin_ws/devel/.private/turtle_vis/lib/turtle_vis/turtle_vis_node[0m
[100%] [32m[1mLinking CXX executable /home/user/catkin_ws/devel/.private/turtle_vis/lib/turtle_vis/turtle_control_node[0m
[100%] Built target turtle_vis_node
[100%] Built target turtle_control_node
